<?xml version="1.0" encoding="UTF-8"?>
<testsuites>
  <testsuite name="/Users/navid/Desktop/library/phpunit.xml" tests="7" assertions="8" errors="0" failures="0" skipped="0" time="0.238402">
    <testsuite name="SmartFailover Test Suite" tests="7" assertions="8" errors="0" failures="0" skipped="0" time="0.238402">
      <testsuite name="Mirzaaghazadeh\SmartFailover\Tests\Unit\SmartFailoverTest" file="/Users/navid/Desktop/library/tests/Unit/SmartFailoverTest.php" tests="7" assertions="8" errors="0" failures="0" skipped="0" time="0.238402">
        <testcase name="it_can_configure_queue_failover" file="/Users/navid/Desktop/library/tests/Unit/SmartFailoverTest.php" line="41" class="Mirzaaghazadeh\SmartFailover\Tests\Unit\SmartFailoverTest" classname="Mirzaaghazadeh.SmartFailover.Tests.Unit.SmartFailoverTest" assertions="1" time="0.181539"/>
        <testcase name="it_can_execute_callback" file="/Users/navid/Desktop/library/tests/Unit/SmartFailoverTest.php" line="64" class="Mirzaaghazadeh\SmartFailover\Tests\Unit\SmartFailoverTest" classname="Mirzaaghazadeh.SmartFailover.Tests.Unit.SmartFailoverTest" assertions="1" time="0.008017"/>
        <testcase name="it_can_chain_multiple_configurations" file="/Users/navid/Desktop/library/tests/Unit/SmartFailoverTest.php" line="51" class="Mirzaaghazadeh\SmartFailover\Tests\Unit\SmartFailoverTest" classname="Mirzaaghazadeh.SmartFailover.Tests.Unit.SmartFailoverTest" assertions="1" time="0.007878"/>
        <testcase name="it_can_get_health_status" file="/Users/navid/Desktop/library/tests/Unit/SmartFailoverTest.php" line="79" class="Mirzaaghazadeh\SmartFailover\Tests\Unit\SmartFailoverTest" classname="Mirzaaghazadeh.SmartFailover.Tests.Unit.SmartFailoverTest" assertions="2" time="0.017109"/>
        <testcase name="it_can_configure_cache_failover" file="/Users/navid/Desktop/library/tests/Unit/SmartFailoverTest.php" line="31" class="Mirzaaghazadeh\SmartFailover\Tests\Unit\SmartFailoverTest" classname="Mirzaaghazadeh.SmartFailover.Tests.Unit.SmartFailoverTest" assertions="1" time="0.007738"/>
        <testcase name="it_can_configure_database_failover" file="/Users/navid/Desktop/library/tests/Unit/SmartFailoverTest.php" line="21" class="Mirzaaghazadeh\SmartFailover\Tests\Unit\SmartFailoverTest" classname="Mirzaaghazadeh.SmartFailover.Tests.Unit.SmartFailoverTest" assertions="1" time="0.007827"/>
        <testcase name="it_can_reset_configuration" file="/Users/navid/Desktop/library/tests/Unit/SmartFailoverTest.php" line="90" class="Mirzaaghazadeh\SmartFailover\Tests\Unit\SmartFailoverTest" classname="Mirzaaghazadeh.SmartFailover.Tests.Unit.SmartFailoverTest" assertions="1" time="0.008293"/>
      </testsuite>
    </testsuite>
  </testsuite>
</testsuites>
