<?xml version="1.0" encoding="UTF-8"?>
<testsuites>
  <testsuite name="/Users/navid/Desktop/library/phpunit.xml" tests="7" assertions="8" errors="0" failures="0" skipped="0" time="0.225726">
    <testsuite name="SmartFailover Test Suite" tests="7" assertions="8" errors="0" failures="0" skipped="0" time="0.225726">
      <testsuite name="Mirzaaghazadeh\SmartFailover\Tests\Unit\SmartFailoverTest" file="/Users/navid/Desktop/library/tests/Unit/SmartFailoverTest.php" tests="7" assertions="8" errors="0" failures="0" skipped="0" time="0.225726">
        <testcase name="it_can_configure_database_failover" file="/Users/navid/Desktop/library/tests/Unit/SmartFailoverTest.php" line="19" class="Mirzaaghazadeh\SmartFailover\Tests\Unit\SmartFailoverTest" classname="Mirzaaghazadeh.SmartFailover.Tests.Unit.SmartFailoverTest" assertions="1" time="0.169197"/>
        <testcase name="it_can_get_health_status" file="/Users/navid/Desktop/library/tests/Unit/SmartFailoverTest.php" line="67" class="Mirzaaghazadeh\SmartFailover\Tests\Unit\SmartFailoverTest" classname="Mirzaaghazadeh.SmartFailover.Tests.Unit.SmartFailoverTest" assertions="2" time="0.018863"/>
        <testcase name="it_can_configure_queue_failover" file="/Users/navid/Desktop/library/tests/Unit/SmartFailoverTest.php" line="35" class="Mirzaaghazadeh\SmartFailover\Tests\Unit\SmartFailoverTest" classname="Mirzaaghazadeh.SmartFailover.Tests.Unit.SmartFailoverTest" assertions="1" time="0.007647"/>
        <testcase name="it_can_configure_cache_failover" file="/Users/navid/Desktop/library/tests/Unit/SmartFailoverTest.php" line="27" class="Mirzaaghazadeh\SmartFailover\Tests\Unit\SmartFailoverTest" classname="Mirzaaghazadeh.SmartFailover.Tests.Unit.SmartFailoverTest" assertions="1" time="0.007234"/>
        <testcase name="it_can_execute_callback" file="/Users/navid/Desktop/library/tests/Unit/SmartFailoverTest.php" line="54" class="Mirzaaghazadeh\SmartFailover\Tests\Unit\SmartFailoverTest" classname="Mirzaaghazadeh.SmartFailover.Tests.Unit.SmartFailoverTest" assertions="1" time="0.009610"/>
        <testcase name="it_can_chain_multiple_configurations" file="/Users/navid/Desktop/library/tests/Unit/SmartFailoverTest.php" line="43" class="Mirzaaghazadeh\SmartFailover\Tests\Unit\SmartFailoverTest" classname="Mirzaaghazadeh.SmartFailover.Tests.Unit.SmartFailoverTest" assertions="1" time="0.007189"/>
        <testcase name="it_can_reset_configuration" file="/Users/navid/Desktop/library/tests/Unit/SmartFailoverTest.php" line="76" class="Mirzaaghazadeh\SmartFailover\Tests\Unit\SmartFailoverTest" classname="Mirzaaghazadeh.SmartFailover.Tests.Unit.SmartFailoverTest" assertions="1" time="0.005986"/>
      </testsuite>
    </testsuite>
  </testsuite>
</testsuites>
