<?xml version="1.0" encoding="UTF-8"?>
<testsuites>
  <testsuite name="/Users/navid/Desktop/library/phpunit.xml" tests="7" assertions="8" errors="0" failures="0" skipped="0" time="0.213107">
    <testsuite name="SmartFailover Test Suite" tests="7" assertions="8" errors="0" failures="0" skipped="0" time="0.213107">
      <testsuite name="Mirzaaghazadeh\SmartFailover\Tests\Unit\SmartFailoverTest" file="/Users/navid/Desktop/library/tests/Unit/SmartFailoverTest.php" tests="7" assertions="8" errors="0" failures="0" skipped="0" time="0.213107">
        <testcase name="it_can_configure_queue_failover" file="/Users/navid/Desktop/library/tests/Unit/SmartFailoverTest.php" line="36" class="Mirzaaghazadeh\SmartFailover\Tests\Unit\SmartFailoverTest" classname="Mirzaaghazadeh.SmartFailover.Tests.Unit.SmartFailoverTest" assertions="1" time="0.164922"/>
        <testcase name="it_can_reset_configuration" file="/Users/navid/Desktop/library/tests/Unit/SmartFailoverTest.php" line="77" class="Mirzaaghazadeh\SmartFailover\Tests\Unit\SmartFailoverTest" classname="Mirzaaghazadeh.SmartFailover.Tests.Unit.SmartFailoverTest" assertions="1" time="0.006974"/>
        <testcase name="it_can_get_health_status" file="/Users/navid/Desktop/library/tests/Unit/SmartFailoverTest.php" line="68" class="Mirzaaghazadeh\SmartFailover\Tests\Unit\SmartFailoverTest" classname="Mirzaaghazadeh.SmartFailover.Tests.Unit.SmartFailoverTest" assertions="2" time="0.014047"/>
        <testcase name="it_can_configure_cache_failover" file="/Users/navid/Desktop/library/tests/Unit/SmartFailoverTest.php" line="28" class="Mirzaaghazadeh\SmartFailover\Tests\Unit\SmartFailoverTest" classname="Mirzaaghazadeh.SmartFailover.Tests.Unit.SmartFailoverTest" assertions="1" time="0.006484"/>
        <testcase name="it_can_configure_database_failover" file="/Users/navid/Desktop/library/tests/Unit/SmartFailoverTest.php" line="20" class="Mirzaaghazadeh\SmartFailover\Tests\Unit\SmartFailoverTest" classname="Mirzaaghazadeh.SmartFailover.Tests.Unit.SmartFailoverTest" assertions="1" time="0.006264"/>
        <testcase name="it_can_execute_callback" file="/Users/navid/Desktop/library/tests/Unit/SmartFailoverTest.php" line="55" class="Mirzaaghazadeh\SmartFailover\Tests\Unit\SmartFailoverTest" classname="Mirzaaghazadeh.SmartFailover.Tests.Unit.SmartFailoverTest" assertions="1" time="0.007521"/>
        <testcase name="it_can_chain_multiple_configurations" file="/Users/navid/Desktop/library/tests/Unit/SmartFailoverTest.php" line="44" class="Mirzaaghazadeh\SmartFailover\Tests\Unit\SmartFailoverTest" classname="Mirzaaghazadeh.SmartFailover.Tests.Unit.SmartFailoverTest" assertions="1" time="0.006896"/>
      </testsuite>
    </testsuite>
  </testsuite>
</testsuites>
